[debug] > Exec(early(addDefaultCommands), None, None)
[debug] > Exec(addDefaultCommands, None, None)
[debug] > Exec(early(initialize), None, None)
[debug] > Exec(initialize, None, None)
[debug] > Exec(boot, None, None)
[debug] > Exec(writeSbtVersion, None, None)
[warn] No sbt.version set in project/build.properties, base directory: D:\Projects\JuansBarberShop\API
[debug] > Exec(reload, None, None)
[debug] > Exec(sbtStashOnFailure, None, None)
[debug] > Exec(onFailure loadFailed, None, None)
[debug] > Exec(loadp, None, None)
[info] welcome to sbt 1.4.3 (Oracle Corporation Java 15.0.1)
[debug] Load.defaultLoad until apply took 569.0818ms
[debug]     Load.loadUnit: plugins took 344.3161ms
[debug]     Load.loadUnit: defsScala took 0.9579ms
[debug] [Loading] Scanning directory D:\Projects\JuansBarberShop\API
[debug] [Loading] Found non-root projects 
[debug] [Loading] Done in D:\Projects\JuansBarberShop\API, returning: ()
[debug] deducing auto plugins based on known facts Set(Atom(sbt.plugins.CorePlugin)) and clauses Clauses(List(Clause(Atom(sbt.plugins.JvmPlugin),Set(Atom(sbt.plugins.IvyPlugin))), Clause(Atom(sbt.ScriptedPlugin),Set(Atom(sbt.plugins.JvmPlugin))), Clause(Atom(sbt.plugins.SbtPlugin),Set(Atom(sbt.ScriptedPlugin))), Clause(Atom(sbt.plugins.SemanticdbPlugin),Set(Atom(sbt.plugins.JvmPlugin))), Clause(Atom(sbt.plugins.JUnitXmlReportPlugin),Set(Atom(sbt.plugins.JvmPlugin))), Clause(Atom(sbt.plugins.MiniDependencyTreePlugin),Set(Atom(sbt.plugins.JvmPlugin))), Clause(Atom(sbt.plugins.CorePlugin),Set(Atom(sbt.plugins.IvyPlugin))), Clause(Atom(sbt.plugins.IvyPlugin),Set(Atom(sbt.plugins.JvmPlugin))), Clause(Atom(sbt.plugins.JvmPlugin),Set(Atom(sbt.plugins.SemanticdbPlugin))), Clause(Atom(sbt.plugins.JvmPlugin),Set(Atom(sbt.plugins.JUnitXmlReportPlugin))), Clause(Atom(sbt.plugins.CorePlugin),Set(Atom(sbt.plugins.Giter8TemplatePlugin))), Clause(Atom(sbt.plugins.JvmPlugin),Set(Atom(sbt.plugins.MiniDependencyTreePlugin)))))
[debug]   :: deduced result: Matched(sbt.plugins.CorePlugin,sbt.plugins.Giter8TemplatePlugin,sbt.plugins.IvyPlugin,sbt.plugins.JvmPlugin,sbt.plugins.MiniDependencyTreePlugin,sbt.plugins.JUnitXmlReportPlugin,sbt.plugins.SemanticdbPlugin)
[debug] Plugins.deducer#function took 73.2103 ms
[debug]         Load.resolveProject(api) took 107.3172ms
[debug]       Load.loadTransitive: finalizeProject(Project(id api, base: D:\Projects\JuansBarberShop\API, plugins: List(<none>))) took 220.5947ms
[debug] [Loading] Done in D:\Projects\JuansBarberShop\API, returning: (api)
[debug]     Load.loadUnit: loadedProjectsRaw took 280.5277ms
[debug]     Load.loadUnit: cleanEvalClasses took 0.4793ms
[debug]   Load.loadUnit(file:/D:/Projects/JuansBarberShop/API/, ...) took 725.2368ms
[debug] Load.apply: load took 1081.3043ms
[debug] Load.apply: resolveProjects took 16.0458ms
[debug] Load.apply: finalTransforms took 197.7579ms
[debug] Load.apply: config.delegates took 23.2107ms
[debug] Load.apply: Def.make(settings)... took 4262.8471ms
[debug] Load.apply: structureIndex took 267.1952ms
[debug] Load.apply: mkStreams took 3.7292ms
[info] set current project to api (in build file:/D:/Projects/JuansBarberShop/API/)
[debug] > Exec(sbtPopOnFailure, None, None)
[debug] > Exec(resumeFromFailure, None, None)
[debug] > Exec(notifyUsersAboutShell, None, None)
[debug] > Exec(iflast shell, None, None)
[debug] > Exec(shell, None, None)
[info] sbt server started at local:sbt-server-715768ea2b7a50036505
[info] started sbt server
[debug] Forcing garbage collection...
